<?xml version="1.0" encoding="UTF-8"?>
<!-- Generated by org.testng.reporters.JUnitXMLReporter -->
<testsuite hostname="CO-IT00560" name="TestSuite" tests="8" failures="0" timestamp="19 Oct 2017 14:23:32 GMT" time="0.079" errors="0">
  <testcase name="multiplyNumbers" time="0.005" classname="com.globant.training.automation_training_project.TestSuite"/>
  <testcase name="multiplyNumbers" time="0.001" classname="com.globant.training.automation_training_project.TestSuite"/>
  <testcase name="multiplyNumbers" time="0.001" classname="com.globant.training.automation_training_project.TestSuite"/>
  <testcase name="concatenateStrings" time="0.001" classname="com.globant.training.automation_training_project.TestSuite"/>
  <testcase name="concatenateStrings" time="0.0" classname="com.globant.training.automation_training_project.TestSuite"/>
  <testcase name="concatenateStrings" time="0.001" classname="com.globant.training.automation_training_project.TestSuite"/>
  <testcase name="printDate" time="0.05" classname="com.globant.training.automation_training_project.TestSuite"/>
  <testcase name="ambiente" time="0.001" classname="com.globant.training.automation_training_project.TestSuite"/>
</testsuite> <!-- TestSuite -->
