<?xml version="1.0" encoding="UTF-8"?>
<!-- Generated by org.testng.reporters.JUnitXMLReporter -->
<testsuite hostname="CO-IT00560" name="TestSuite1" tests="8" failures="0" timestamp="11 Oct 2017 20:03:20 GMT" time="0.035" errors="0">
  <testcase name="ambiente" time="0.008" classname="com.globant.training.automation_training_project.TestSuite"/>
  <testcase name="concatenateStrings" time="0.002" classname="com.globant.training.automation_training_project.TestSuite"/>
  <testcase name="concatenateStrings" time="0.002" classname="com.globant.training.automation_training_project.TestSuite"/>
  <testcase name="concatenateStrings" time="0.001" classname="com.globant.training.automation_training_project.TestSuite"/>
  <testcase name="multiplyNumbers" time="0.001" classname="com.globant.training.automation_training_project.TestSuite"/>
  <testcase name="multiplyNumbers" time="0.001" classname="com.globant.training.automation_training_project.TestSuite"/>
  <testcase name="multiplyNumbers" time="0.001" classname="com.globant.training.automation_training_project.TestSuite"/>
  <testcase name="printDate" time="0.001" classname="com.globant.training.automation_training_project.TestSuite"/>
</testsuite> <!-- TestSuite1 -->
